Arguments: 
  C:\Program Files\nodejs\node.exe C:\Users\Teacher\AppData\Roaming\npm\node_modules\yarn\bin\yarn.js install

PATH: 
  C:\ProgramData\Oracle\Java\javapath;C:\Program Files (x86)\Intel\TXE Components\TCS\;C:\Program Files\Intel\TXE Components\TCS\;C:\WINDOWS\system32;C:\WINDOWS;C:\WINDOWS\System32\Wbem;C:\WINDOWS\System32\WindowsPowerShell\v1.0\;C:\Program Files\Intel\TXE Components\DAL\;C:\Program Files (x86)\Intel\TXE Components\DAL\;C:\Program Files\Intel\TXE Components\IPT\;C:\Program Files (x86)\Intel\TXE Components\IPT\;C:\Program Files\Java\jdk1.8.0_144\lib;C:\Program Files\Git\cmd;C:\Users\Teacher\AppData\Local\atom\bin;C:\Users\Teacher\AppData\Local\atom;C:\Program Files\nodejs\;C:\Program Files\Microsoft VS Code\bin;C:\Users\Teacher\AppData\Local\Android\sdk\tools;C:\Users\Teacher\AppData\Local\Android\sdk\platform-tools;C:\Users\Teacher\Anaconda2;C:\Users\Teacher\Anaconda2\Scripts;C:\Users\Teacher\Anaconda2\Library\bin;C:\Users\Teacher\AppData\Local\Microsoft\WindowsApps;C:\Program Files\Heroku\bin;C:\Program Files\Microsoft VS Code\bin;C:\Users\Teacher\AppData\Local\Android\android-sdk\tools;C:\Users\Teacher\AppData\Local\Android\android-sdk\platform-tools;C:\Program Files\Java\jdk1.8.0_144\lib;C:\Program Files\MongoDB\Server\3.6\bin;"C:\ProgramData\Oracle\Java\javapath;C:\Program Files (x86)\Intel\TXE Components\TCS\;C:\Program Files\Intel\TXE Components\TCS\;C:\WINDOWS\system32;C:\WINDOWS;C:\WINDOWS\System32\Wbem;C:\WINDOWS\System32\WindowsPowerShell\v1.0\;C:\Program Files\Intel\TXE Components\DAL\;C:\Program Files (x86)\Intel\TXE Components\DAL\;C:\Program Files\Intel\TXE Components\IPT\;C:\Program Files (x86)\Intel\TXE Components\IPT\;C:\Program Files\Java\jdk1.8.0_144\lib;C:\Program Files\Git\cmd;C:\Users\Teacher\AppData\Local\atom\bin;C:\Users\Teacher\AppData\Local\atom;C:\Program Files\nodejs\;C:\Program Files\Microsoft VS Code\bin;C:\Users\Teacher\AppData\Local\Android\sdk\tools;C:\Users\Teacher\AppData\Local\Android\sdk\platform-tools;;C:\Users\Teacher\AppData\Local\Atom\bin";C:\Users\Teacher\AppData\Local\atom;C:\Users\Teacher\AppData\Roaming\npm

Yarn version: 
  0.27.5

Node version: 
  10.1.0

Platform: 
  win32 x64

npm manifest: 
  {
    "name": "gov.rw",
    "version": "1.0.0",
    "description": "",
    "main": "index.js",
    "scripts": {
      "start": "gulp",
      "dev": "gulp dev",
      "export": "gulp export"
    },
    "keywords": [],
    "author": "",
    "license": "ISC",
    "devDependencies": {
      "autoprefixer": "^9.1.3",
      "babel-core": "^6.26.3",
      "babel-preset-env": "^1.7.0",
      "browser-sync": "^2.24.6",
      "del": "^3.0.0",
      "eslint": "^5.2.0",
      "eslint-config-airbnb-base": "^13.0.0",
      "eslint-plugin-import": "^2.13.0",
      "gulp": "^4.0.0",
      "gulp-babel": "^7.0.1",
      "gulp-htmlmin": "^4.0.0",
      "gulp-imagemin": "^4.1.0",
      "gulp-postcss": "^8.0.0",
      "gulp-sass": "^4.0.1",
      "gulp-sourcemaps": "^2.6.4",
      "gulp-uglify": "^3.0.1",
      "gulp-zip": "^4.2.0",
      "imagemin-gifsicle": "^5.2.0",
      "imagemin-jpeg-recompress": "^5.1.0",
      "imagemin-jpegtran": "^5.0.2",
      "imagemin-optipng": "^5.2.1",
      "imagemin-pngquant": "^6.0.0",
      "imagemin-svgo": "^7.0.0",
      "postcss-uncss": "^0.16.1",
      "pump": "^3.0.0",
      "through2": "^2.0.3",
      "uncss": "^0.16.2",
      "vinyl-named": "^1.1.0",
      "webpack": "^4.16.5",
      "webpack-cli": "^3.1.0",
      "webpack-stream": "^5.1.1"
    },
    "dependencies": {}
  }

yarn manifest: 
  No manifest

Lockfile: 
  No lockfile

Trace: 
  Error: getaddrinfo EAI_AGAIN registry.yarnpkg.com registry.yarnpkg.com:443
      at GetAddrInfoReqWrap.onlookup [as oncomplete] (dns.js:50:26)
